[2024-05-12T14:51:26.740+0000] {taskinstance.py:1165} INFO - Dependencies all met for <TaskInstance: data_etl_pipeline.store_data manual__2024-05-12T14:50:46.560743+00:00 [queued]>
[2024-05-12T14:51:26.789+0000] {taskinstance.py:1165} INFO - Dependencies all met for <TaskInstance: data_etl_pipeline.store_data manual__2024-05-12T14:50:46.560743+00:00 [queued]>
[2024-05-12T14:51:26.791+0000] {taskinstance.py:1362} INFO - 
--------------------------------------------------------------------------------
[2024-05-12T14:51:26.792+0000] {taskinstance.py:1363} INFO - Starting attempt 1 of 2
[2024-05-12T14:51:26.793+0000] {taskinstance.py:1364} INFO - 
--------------------------------------------------------------------------------
[2024-05-12T14:51:26.876+0000] {taskinstance.py:1383} INFO - Executing <Task(PythonOperator): store_data> on 2024-05-12 14:50:46.560743+00:00
[2024-05-12T14:51:26.890+0000] {standard_task_runner.py:55} INFO - Started process 1441 to run task
[2024-05-12T14:51:26.900+0000] {standard_task_runner.py:82} INFO - Running: ['***', 'tasks', 'run', 'data_etl_pipeline', 'store_data', 'manual__2024-05-12T14:50:46.560743+00:00', '--job-id', '19', '--raw', '--subdir', 'DAGS_FOLDER/dag_pipeline.py', '--cfg-path', '/tmp/tmpjdc4hds5']
[2024-05-12T14:51:26.902+0000] {standard_task_runner.py:83} INFO - Job 19: Subtask store_data
[2024-05-12T14:51:27.104+0000] {task_command.py:376} INFO - Running <TaskInstance: data_etl_pipeline.store_data manual__2024-05-12T14:50:46.560743+00:00 [running]> on host 9137fdbbf522
[2024-05-12T14:51:27.891+0000] {taskinstance.py:1592} INFO - Exporting the following env vars:
AIRFLOW_CTX_DAG_OWNER=***
AIRFLOW_CTX_DAG_ID=data_etl_pipeline
AIRFLOW_CTX_TASK_ID=store_data
AIRFLOW_CTX_EXECUTION_DATE=2024-05-12T14:50:46.560743+00:00
AIRFLOW_CTX_TRY_NUMBER=1
AIRFLOW_CTX_DAG_RUN_ID=manual__2024-05-12T14:50:46.560743+00:00
[2024-05-12T14:51:27.934+0000] {logging_mixin.py:120} INFO - Data stored in .\extracted_data.json
[2024-05-12T14:51:28.010+0000] {python.py:177} INFO - Done. Returned value was: None
[2024-05-12T14:51:28.091+0000] {taskinstance.py:1406} INFO - Marking task as SUCCESS. dag_id=data_etl_pipeline, task_id=store_data, execution_date=20240512T145046, start_date=20240512T145126, end_date=20240512T145128
[2024-05-12T14:51:28.210+0000] {local_task_job.py:164} INFO - Task exited with return code 0
[2024-05-12T14:51:28.318+0000] {local_task_job.py:273} INFO - 0 downstream tasks scheduled from follow-on schedule check
