[2024-05-12T14:30:42.362+0000] {taskinstance.py:1165} INFO - Dependencies all met for <TaskInstance: data_pipeline_mlops.extract_data manual__2024-05-12T14:30:38.163959+00:00 [queued]>
[2024-05-12T14:30:42.396+0000] {taskinstance.py:1165} INFO - Dependencies all met for <TaskInstance: data_pipeline_mlops.extract_data manual__2024-05-12T14:30:38.163959+00:00 [queued]>
[2024-05-12T14:30:42.397+0000] {taskinstance.py:1362} INFO - 
--------------------------------------------------------------------------------
[2024-05-12T14:30:42.398+0000] {taskinstance.py:1363} INFO - Starting attempt 1 of 2
[2024-05-12T14:30:42.399+0000] {taskinstance.py:1364} INFO - 
--------------------------------------------------------------------------------
[2024-05-12T14:30:42.462+0000] {taskinstance.py:1383} INFO - Executing <Task(PythonOperator): extract_data> on 2024-05-12 14:30:38.163959+00:00
[2024-05-12T14:30:42.473+0000] {standard_task_runner.py:55} INFO - Started process 704 to run task
[2024-05-12T14:30:42.483+0000] {standard_task_runner.py:82} INFO - Running: ['***', 'tasks', 'run', 'data_pipeline_mlops', 'extract_data', 'manual__2024-05-12T14:30:38.163959+00:00', '--job-id', '10', '--raw', '--subdir', 'DAGS_FOLDER/dag_pipeline.py', '--cfg-path', '/tmp/tmp8t9m5vbc']
[2024-05-12T14:30:42.485+0000] {standard_task_runner.py:83} INFO - Job 10: Subtask extract_data
[2024-05-12T14:30:42.806+0000] {task_command.py:376} INFO - Running <TaskInstance: data_pipeline_mlops.extract_data manual__2024-05-12T14:30:38.163959+00:00 [running]> on host 9137fdbbf522
[2024-05-12T14:30:43.281+0000] {taskinstance.py:1592} INFO - Exporting the following env vars:
AIRFLOW_CTX_DAG_OWNER=***
AIRFLOW_CTX_DAG_ID=data_pipeline_mlops
AIRFLOW_CTX_TASK_ID=extract_data
AIRFLOW_CTX_EXECUTION_DATE=2024-05-12T14:30:38.163959+00:00
AIRFLOW_CTX_TRY_NUMBER=1
AIRFLOW_CTX_DAG_RUN_ID=manual__2024-05-12T14:30:38.163959+00:00
[2024-05-12T14:30:46.221+0000] {logging_mixin.py:120} INFO - Data has been written to 'extracted_data.json'
[2024-05-12T14:30:46.222+0000] {python.py:177} INFO - Done. Returned value was: None
[2024-05-12T14:30:46.248+0000] {taskinstance.py:1406} INFO - Marking task as SUCCESS. dag_id=data_pipeline_mlops, task_id=extract_data, execution_date=20240512T143038, start_date=20240512T143042, end_date=20240512T143046
[2024-05-12T14:30:46.314+0000] {local_task_job.py:164} INFO - Task exited with return code 0
[2024-05-12T14:30:46.416+0000] {local_task_job.py:273} INFO - 1 downstream tasks scheduled from follow-on schedule check
