[2024-05-12T14:51:27.972+0000] {taskinstance.py:1165} INFO - Dependencies all met for <TaskInstance: data_etl_pipeline.store_data scheduled__2024-05-11T14:50:36.980473+00:00 [queued]>
[2024-05-12T14:51:28.086+0000] {taskinstance.py:1165} INFO - Dependencies all met for <TaskInstance: data_etl_pipeline.store_data scheduled__2024-05-11T14:50:36.980473+00:00 [queued]>
[2024-05-12T14:51:28.097+0000] {taskinstance.py:1362} INFO - 
--------------------------------------------------------------------------------
[2024-05-12T14:51:28.099+0000] {taskinstance.py:1363} INFO - Starting attempt 1 of 2
[2024-05-12T14:51:28.101+0000] {taskinstance.py:1364} INFO - 
--------------------------------------------------------------------------------
[2024-05-12T14:51:28.200+0000] {taskinstance.py:1383} INFO - Executing <Task(PythonOperator): store_data> on 2024-05-11 14:50:36.980473+00:00
[2024-05-12T14:51:28.215+0000] {standard_task_runner.py:55} INFO - Started process 1454 to run task
[2024-05-12T14:51:28.229+0000] {standard_task_runner.py:82} INFO - Running: ['***', 'tasks', 'run', 'data_etl_pipeline', 'store_data', 'scheduled__2024-05-11T14:50:36.980473+00:00', '--job-id', '20', '--raw', '--subdir', 'DAGS_FOLDER/dag_pipeline.py', '--cfg-path', '/tmp/tmpfsghxmoi']
[2024-05-12T14:51:28.233+0000] {standard_task_runner.py:83} INFO - Job 20: Subtask store_data
[2024-05-12T14:51:28.506+0000] {task_command.py:376} INFO - Running <TaskInstance: data_etl_pipeline.store_data scheduled__2024-05-11T14:50:36.980473+00:00 [running]> on host 9137fdbbf522
[2024-05-12T14:51:28.954+0000] {taskinstance.py:1592} INFO - Exporting the following env vars:
AIRFLOW_CTX_DAG_OWNER=***
AIRFLOW_CTX_DAG_ID=data_etl_pipeline
AIRFLOW_CTX_TASK_ID=store_data
AIRFLOW_CTX_EXECUTION_DATE=2024-05-11T14:50:36.980473+00:00
AIRFLOW_CTX_TRY_NUMBER=1
AIRFLOW_CTX_DAG_RUN_ID=scheduled__2024-05-11T14:50:36.980473+00:00
[2024-05-12T14:51:29.004+0000] {logging_mixin.py:120} INFO - Data stored in .\extracted_data.json
[2024-05-12T14:51:29.065+0000] {python.py:177} INFO - Done. Returned value was: None
[2024-05-12T14:51:29.122+0000] {taskinstance.py:1406} INFO - Marking task as SUCCESS. dag_id=data_etl_pipeline, task_id=store_data, execution_date=20240511T145036, start_date=20240512T145128, end_date=20240512T145129
[2024-05-12T14:51:29.275+0000] {local_task_job.py:164} INFO - Task exited with return code 0
[2024-05-12T14:51:29.390+0000] {local_task_job.py:273} INFO - 0 downstream tasks scheduled from follow-on schedule check
