[2024-05-12T15:55:46.478+0000] {taskinstance.py:1165} INFO - Dependencies all met for <TaskInstance: data_etl_pipeline.extract_data manual__2024-05-12T15:55:31.925392+00:00 [queued]>
[2024-05-12T15:55:46.530+0000] {taskinstance.py:1165} INFO - Dependencies all met for <TaskInstance: data_etl_pipeline.extract_data manual__2024-05-12T15:55:31.925392+00:00 [queued]>
[2024-05-12T15:55:46.532+0000] {taskinstance.py:1362} INFO - 
--------------------------------------------------------------------------------
[2024-05-12T15:55:46.533+0000] {taskinstance.py:1363} INFO - Starting attempt 1 of 2
[2024-05-12T15:55:46.534+0000] {taskinstance.py:1364} INFO - 
--------------------------------------------------------------------------------
[2024-05-12T15:55:46.591+0000] {taskinstance.py:1383} INFO - Executing <Task(PythonOperator): extract_data> on 2024-05-12 15:55:31.925392+00:00
[2024-05-12T15:55:46.604+0000] {standard_task_runner.py:55} INFO - Started process 3738 to run task
[2024-05-12T15:55:46.613+0000] {standard_task_runner.py:82} INFO - Running: ['***', 'tasks', 'run', 'data_etl_pipeline', 'extract_data', 'manual__2024-05-12T15:55:31.925392+00:00', '--job-id', '21', '--raw', '--subdir', 'DAGS_FOLDER/dag_pipeline.py', '--cfg-path', '/tmp/tmpyd50vzny']
[2024-05-12T15:55:46.615+0000] {standard_task_runner.py:83} INFO - Job 21: Subtask extract_data
[2024-05-12T15:55:46.796+0000] {task_command.py:376} INFO - Running <TaskInstance: data_etl_pipeline.extract_data manual__2024-05-12T15:55:31.925392+00:00 [running]> on host 9137fdbbf522
[2024-05-12T15:55:47.096+0000] {taskinstance.py:1592} INFO - Exporting the following env vars:
AIRFLOW_CTX_DAG_OWNER=***
AIRFLOW_CTX_DAG_ID=data_etl_pipeline
AIRFLOW_CTX_TASK_ID=extract_data
AIRFLOW_CTX_EXECUTION_DATE=2024-05-12T15:55:31.925392+00:00
AIRFLOW_CTX_TRY_NUMBER=1
AIRFLOW_CTX_DAG_RUN_ID=manual__2024-05-12T15:55:31.925392+00:00
[2024-05-12T15:55:47.099+0000] {logging_mixin.py:120} INFO - Current Working Directory: /opt/***
[2024-05-12T15:56:09.686+0000] {logging_mixin.py:120} INFO - Data has been written to 'extracted_data.json'
[2024-05-12T15:56:09.688+0000] {python.py:177} INFO - Done. Returned value was: None
[2024-05-12T15:56:09.725+0000] {taskinstance.py:1406} INFO - Marking task as SUCCESS. dag_id=data_etl_pipeline, task_id=extract_data, execution_date=20240512T155531, start_date=20240512T155546, end_date=20240512T155609
[2024-05-12T15:56:09.850+0000] {local_task_job.py:164} INFO - Task exited with return code 0
[2024-05-12T15:56:10.135+0000] {local_task_job.py:273} INFO - 1 downstream tasks scheduled from follow-on schedule check
